Using pre-set license
Built from '2022.3/staging' branch; Version is '2022.3.55f1 (9f374180d209) revision 10434369'; Using compiler version '192829333'; Build Type 'Release'
OS: 'Windows 10  (10.0.19045) 64bit Core' Language: 'en' Physical Memory: 16310 MB
BatchMode: 1, IsHumanControllingUs: 0, StartBugReporterOnCrash: 0, Is64bit: 1, IsPro: 1

COMMAND LINE ARGUMENTS:
C:\Program Files\Unity\Hub\Editor\2022.3.55f1\Editor\Unity.exe
-adb2
-batchMode
-noUpm
-name
AssetImportWorker1
-projectPath
C:/Users/ander/Documents/chessBoxing/ChessBoxingVR/ChessBoxing
-logFile
Logs/AssetImportWorker1.log
-srvPort
51144
Successfully changed project path to: C:/Users/ander/Documents/chessBoxing/ChessBoxingVR/ChessBoxing
C:/Users/ander/Documents/chessBoxing/ChessBoxingVR/ChessBoxing
[UnityMemory] Configuration Parameters - Can be set up in boot.config
    "memorysetup-bucket-allocator-granularity=16"
    "memorysetup-bucket-allocator-bucket-count=8"
    "memorysetup-bucket-allocator-block-size=33554432"
    "memorysetup-bucket-allocator-block-count=8"
    "memorysetup-main-allocator-block-size=16777216"
    "memorysetup-thread-allocator-block-size=16777216"
    "memorysetup-gfx-main-allocator-block-size=16777216"
    "memorysetup-gfx-thread-allocator-block-size=16777216"
    "memorysetup-cache-allocator-block-size=4194304"
    "memorysetup-typetree-allocator-block-size=2097152"
    "memorysetup-profiler-bucket-allocator-granularity=16"
    "memorysetup-profiler-bucket-allocator-bucket-count=8"
    "memorysetup-profiler-bucket-allocator-block-size=33554432"
    "memorysetup-profiler-bucket-allocator-block-count=8"
    "memorysetup-profiler-allocator-block-size=16777216"
    "memorysetup-profiler-editor-allocator-block-size=1048576"
    "memorysetup-temp-allocator-size-main=16777216"
    "memorysetup-job-temp-allocator-block-size=2097152"
    "memorysetup-job-temp-allocator-block-size-background=1048576"
    "memorysetup-job-temp-allocator-reduction-small-platforms=262144"
    "memorysetup-allocator-temp-initial-block-size-main=262144"
    "memorysetup-allocator-temp-initial-block-size-worker=262144"
    "memorysetup-temp-allocator-size-background-worker=32768"
    "memorysetup-temp-allocator-size-job-worker=262144"
    "memorysetup-temp-allocator-size-preload-manager=33554432"
    "memorysetup-temp-allocator-size-nav-mesh-worker=65536"
    "memorysetup-temp-allocator-size-audio-worker=65536"
    "memorysetup-temp-allocator-size-cloud-worker=32768"
    "memorysetup-temp-allocator-size-gi-baking-worker=262144"
    "memorysetup-temp-allocator-size-gfx=262144"
Player connection [8668]  Target information:

Player connection [8668]  * "[IP] 10.0.0.119 [Port] 0 [Flags] 2 [Guid] 2006749904 [EditorId] 2006749904 [Version] 1048832 [Id] WindowsEditor(7,DESKTOP-UKADAR7) [Debug] 1 [PackageName] WindowsEditor [ProjectName] Editor" 

Player connection [8668] Host joined multi-casting on [225.0.0.222:54997]...
Player connection [8668] Host joined alternative multi-casting on [225.0.0.222:34997]...
[PhysX] Initialized MultithreadedTaskDispatcher with 12 workers.
Refreshing native plugins compatible for Editor in 11.31 ms, found 3 plugins.
Preloading 0 native plugins for Editor in 0.00 ms.
Initialize engine version: 2022.3.55f1 (9f374180d209)
[Subsystems] Discovering subsystems at path C:/Program Files/Unity/Hub/Editor/2022.3.55f1/Editor/Data/Resources/UnitySubsystems
[Subsystems] Discovering subsystems at path C:/Users/ander/Documents/chessBoxing/ChessBoxingVR/ChessBoxing/Assets
GfxDevice: creating device client; threaded=0; jobified=0
Direct3D:
    Version:  Direct3D 11.0 [level 11.1]
    Renderer: NVIDIA GeForce RTX 2060 (ID=0x1f08)
    Vendor:   NVIDIA
    VRAM:     5955 MB
    Driver:   32.0.15.6614
Initialize mono
Mono path[0] = 'C:/Program Files/Unity/Hub/Editor/2022.3.55f1/Editor/Data/Managed'
Mono path[1] = 'C:/Program Files/Unity/Hub/Editor/2022.3.55f1/Editor/Data/MonoBleedingEdge/lib/mono/unityjit-win32'
Mono config path = 'C:/Program Files/Unity/Hub/Editor/2022.3.55f1/Editor/Data/MonoBleedingEdge/etc'
Using monoOptions --debugger-agent=transport=dt_socket,embedding=1,server=y,suspend=n,address=127.0.0.1:56716
Begin MonoManager ReloadAssembly
Registering precompiled unity dll's ...
Register platform support module: C:/Program Files/Unity/Hub/Editor/2022.3.55f1/Editor/Data/PlaybackEngines/AndroidPlayer/UnityEditor.Android.Extensions.dll
Register platform support module: C:/Program Files/Unity/Hub/Editor/2022.3.55f1/Editor/Data/PlaybackEngines/WindowsStandaloneSupport/UnityEditor.WindowsStandalone.Extensions.dll
Registered in 0.013387 seconds.
- Loaded All Assemblies, in  0.453 seconds
Native extension for WindowsStandalone target not found
Native extension for Android target not found
Android Extension - Scanning For ADB Devices 366 ms
Mono: successfully reloaded assembly
- Finished resetting the current domain, in  0.768 seconds
Domain Reload Profiling: 1219ms
	BeginReloadAssembly (142ms)
		ExecutionOrderSort (0ms)
		DisableScriptedObjects (0ms)
		BackupInstance (0ms)
		ReleaseScriptingObjects (0ms)
		CreateAndSetChildDomain (1ms)
	RebuildCommonClasses (41ms)
	RebuildNativeTypeToScriptingClass (12ms)
	initialDomainReloadingComplete (67ms)
	LoadAllAssembliesAndSetupDomain (188ms)
		LoadAssemblies (138ms)
		RebuildTransferFunctionScriptingTraits (0ms)
		AnalyzeDomain (186ms)
			TypeCache.Refresh (184ms)
				TypeCache.ScanAssembly (169ms)
			ScanForSourceGeneratedMonoScriptInfo (1ms)
			ResolveRequiredComponents (0ms)
	FinalizeReload (768ms)
		ReleaseScriptCaches (0ms)
		RebuildScriptCaches (0ms)
		SetupLoadedEditorAssemblies (708ms)
			LogAssemblyErrors (0ms)
			InitializePlatformSupportModulesInManaged (492ms)
			SetLoadedEditorAssemblies (4ms)
			RefreshPlugins (0ms)
			BeforeProcessingInitializeOnLoad (2ms)
			ProcessInitializeOnLoadAttributes (142ms)
			ProcessInitializeOnLoadMethodAttributes (69ms)
			AfterProcessingInitializeOnLoad (0ms)
			EditorAssembliesLoaded (0ms)
		ExecutionOrderSort2 (0ms)
		AwakeInstancesAfterBackupRestoration (0ms)
========================================================================
Worker process is ready to serve import requests
Caller must complete domain reload
Begin MonoManager ReloadAssembly
- Loaded All Assemblies, in  0.747 seconds
Native extension for WindowsStandalone target not found
Native extension for Android target not found
Package Manager log level set to [2]
[Package Manager] Server::EnsureServerProcessIsRunning -- launch failed, reason: Unity was launched with the -noUpm command-line argument
[Package Manager] UpmClient::Send -- Unable to send message (not connected to UPM process).
[Package Manager] Cannot connect to Unity Package Manager local server
Mono: successfully reloaded assembly
- Finished resetting the current domain, in  0.614 seconds
Domain Reload Profiling: 1358ms
	BeginReloadAssembly (158ms)
		ExecutionOrderSort (0ms)
		DisableScriptedObjects (6ms)
		BackupInstance (0ms)
		ReleaseScriptingObjects (0ms)
		CreateAndSetChildDomain (23ms)
	RebuildCommonClasses (34ms)
	RebuildNativeTypeToScriptingClass (12ms)
	initialDomainReloadingComplete (47ms)
	LoadAllAssembliesAndSetupDomain (492ms)
		LoadAssemblies (376ms)
		RebuildTransferFunctionScriptingTraits (0ms)
		AnalyzeDomain (206ms)
			TypeCache.Refresh (184ms)
				TypeCache.ScanAssembly (164ms)
			ScanForSourceGeneratedMonoScriptInfo (13ms)
			ResolveRequiredComponents (7ms)
	FinalizeReload (615ms)
		ReleaseScriptCaches (0ms)
		RebuildScriptCaches (0ms)
		SetupLoadedEditorAssemblies (442ms)
			LogAssemblyErrors (0ms)
			InitializePlatformSupportModulesInManaged (21ms)
			SetLoadedEditorAssemblies (4ms)
			RefreshPlugins (0ms)
			BeforeProcessingInitializeOnLoad (68ms)
			ProcessInitializeOnLoadAttributes (320ms)
			ProcessInitializeOnLoadMethodAttributes (19ms)
			AfterProcessingInitializeOnLoad (11ms)
			EditorAssembliesLoaded (0ms)
		ExecutionOrderSort2 (0ms)
		AwakeInstancesAfterBackupRestoration (8ms)
Launched and connected shader compiler UnityShaderCompiler.exe after 0.06 seconds
Refreshing native plugins compatible for Editor in 5.57 ms, found 3 plugins.
Preloading 0 native plugins for Editor in 0.00 ms.
Unloading 3114 Unused Serialized files (Serialized files now loaded: 0)
Unloading 19 unused Assets / (54.5 KB). Loaded Objects now: 3583.
Memory consumption went from 120.5 MB to 120.5 MB.
Total: 3.234600 ms (FindLiveObjects: 0.304800 ms CreateObjectMapping: 0.086400 ms MarkObjects: 2.698000 ms  DeleteObjects: 0.144000 ms)

AssetImportParameters requested are different than current active one (requested -> active):
  custom:container-demuxer-ogg: 62fdf1f143b41e24485cea50d1cbac27 -> 
  custom:video-decoder-ogg-theora: a1e56fd34408186e4bbccfd4996cb3dc -> 
  custom:framework-win-MediaFoundation: 216162199b28c13a410421893ffa2e32 -> 
  custom:CustomObjectIndexerAttribute: 9a22284fe3817be447336de3de66b15e -> 
  custom:container-demuxer-webm: 4f35f7cbe854078d1ac9338744f61a02 -> 
  custom:container-muxer-webm: aa71ff27fc2769a1b78a27578f13a17b -> 
  custom:video-decoder-webm-vp8: 9c59270c3fd7afecdb556c50c9e8de78 -> 
  custom:SearchIndexIgnoredProperties: e643bd26f0fe6173181afceb89e7c659 -> 
  custom:AudioImporter_EditorPlatform: d09bf68614088b80899f8185d706f6e7 -> 
  custom:video-encoder-webm-vp8: eb34c28f22e8b96e1ab97ce403110664 -> 
  custom:audio-decoder-ogg-vorbis: bf7c407c2cedff20999df2af8eb42d56 -> 
  custom:audio-encoder-webm-vorbis: bf7c407c2cedff20999df2af8eb42d56 -> 
========================================================================
Received Import Request.
  Time since last request: 336372.000409 seconds.
  path: Assets/Normal/Readme.pdf
  artifactKey: Guid(ae718c590d3e6b14b9ffa30db85a315a) Importer(2089858483,0ecaa5967403d082aa24f35e1b516d23)
Start importing Assets/Normal/Readme.pdf using Guid(ae718c590d3e6b14b9ffa30db85a315a) Importer(2089858483,0ecaa5967403d082aa24f35e1b516d23) [PhysX] Initialized MultithreadedTaskDispatcher with 12 workers.
 -> (artifact id: '2ca355ee0e2c5fd5abbed83e59ebe8fc') in 0.082154 seconds
Number of updated asset objects reloaded before import = 0
Number of asset objects unloaded after import = 1
========================================================================
Received Import Request.
  Time since last request: 0.000021 seconds.
  path: Assets/Normal/Examples/Cube Player/Scripts/CubePlayerManager.cs
  artifactKey: Guid(d11d1e6dbd5afa940b6f8525d39eece5) Importer(2089858483,0ecaa5967403d082aa24f35e1b516d23)
Start importing Assets/Normal/Examples/Cube Player/Scripts/CubePlayerManager.cs using Guid(d11d1e6dbd5afa940b6f8525d39eece5) Importer(2089858483,0ecaa5967403d082aa24f35e1b516d23) [PhysX] Initialized MultithreadedTaskDispatcher with 12 workers.
 -> (artifact id: 'a3a1281372d781c27b9f76b9eb9cbc4a') in 0.044282 seconds
Number of updated asset objects reloaded before import = 0
Number of asset objects unloaded after import = 1
========================================================================
Received Import Request.
  Time since last request: 0.000030 seconds.
  path: Assets/Normal/Examples/Hoverbird Player/Hoverbird Character/Materials/Board Particles.mat
  artifactKey: Guid(66ae63a9a2e55423088d8e6094baba01) Importer(2089858483,0ecaa5967403d082aa24f35e1b516d23)
Start importing Assets/Normal/Examples/Hoverbird Player/Hoverbird Character/Materials/Board Particles.mat using Guid(66ae63a9a2e55423088d8e6094baba01) Importer(2089858483,0ecaa5967403d082aa24f35e1b516d23) [PhysX] Initialized MultithreadedTaskDispatcher with 12 workers.
 -> (artifact id: 'fe1d0a028d0ad0e51abacc72515b70cf') in 0.085971 seconds
Number of updated asset objects reloaded before import = 0
Number of asset objects unloaded after import = 1
========================================================================
Received Import Request.
  Time since last request: 0.000038 seconds.
  path: Assets/Normal/Examples/Blank Scene Template/Cubes/Orange.mat
  artifactKey: Guid(dffe1c9d7746b81468667473e5835d8a) Importer(2089858483,0ecaa5967403d082aa24f35e1b516d23)
Start importing Assets/Normal/Examples/Blank Scene Template/Cubes/Orange.mat using Guid(dffe1c9d7746b81468667473e5835d8a) Importer(2089858483,0ecaa5967403d082aa24f35e1b516d23) [PhysX] Initialized MultithreadedTaskDispatcher with 12 workers.
 -> (artifact id: 'b9bd055e8481a415110bd7460b7e4dcf') in 0.022178 seconds
Number of updated asset objects reloaded before import = 0
Number of asset objects unloaded after import = 1
========================================================================
Received Import Request.
  Time since last request: 0.000028 seconds.
  path: Assets/Normal/Examples/Hoverbird Player/Hoverbird Character/Hoverbird Character.prefab
  artifactKey: Guid(430be99b1fb0c499196cbf2e31a13f1a) Importer(2089858483,0ecaa5967403d082aa24f35e1b516d23)
Start importing Assets/Normal/Examples/Hoverbird Player/Hoverbird Character/Hoverbird Character.prefab using Guid(430be99b1fb0c499196cbf2e31a13f1a) Importer(2089858483,0ecaa5967403d082aa24f35e1b516d23) [PhysX] Initialized MultithreadedTaskDispatcher with 12 workers.
 -> (artifact id: '636c1c4d02daeb1170c15392d0c86333') in 0.027035 seconds
Number of updated asset objects reloaded before import = 0
Number of asset objects unloaded after import = 37
========================================================================
Received Import Request.
  Time since last request: 0.000019 seconds.
  path: Assets/Normal/Examples/Hoverbird Player/Hoverbird Character/Materials/Beak.mat
  artifactKey: Guid(3e9443e01f8e3430484596e12d758f4a) Importer(2089858483,0ecaa5967403d082aa24f35e1b516d23)
Start importing Assets/Normal/Examples/Hoverbird Player/Hoverbird Character/Materials/Beak.mat using Guid(3e9443e01f8e3430484596e12d758f4a) Importer(2089858483,0ecaa5967403d082aa24f35e1b516d23) [PhysX] Initialized MultithreadedTaskDispatcher with 12 workers.
 -> (artifact id: '292c24b15ab25fdf3d631d77900ec883') in 0.013734 seconds
Number of updated asset objects reloaded before import = 0
Number of asset objects unloaded after import = 2
========================================================================
Received Import Request.
  Time since last request: 0.000022 seconds.
  path: Assets/Normal/Examples/Hoverbird Player/Hoverbird Character/Materials/Bird Eye.mat
  artifactKey: Guid(ec16966c5a512a940a415d721e101b98) Importer(2089858483,0ecaa5967403d082aa24f35e1b516d23)
Start importing Assets/Normal/Examples/Hoverbird Player/Hoverbird Character/Materials/Bird Eye.mat using Guid(ec16966c5a512a940a415d721e101b98) Importer(2089858483,0ecaa5967403d082aa24f35e1b516d23) [PhysX] Initialized MultithreadedTaskDispatcher with 12 workers.
 -> (artifact id: 'ac47b057c9b23eb1abf4c486e5d08187') in 0.012373 seconds
Number of updated asset objects reloaded before import = 0
Number of asset objects unloaded after import = 1
========================================================================
Received Import Request.
  Time since last request: 0.000023 seconds.
  path: Assets/Normal/Examples/Blank Scene Template/Cubes/Teal.mat
  artifactKey: Guid(5421fa625747b95438cf5535792d6b7f) Importer(2089858483,0ecaa5967403d082aa24f35e1b516d23)
Start importing Assets/Normal/Examples/Blank Scene Template/Cubes/Teal.mat using Guid(5421fa625747b95438cf5535792d6b7f) Importer(2089858483,0ecaa5967403d082aa24f35e1b516d23) [PhysX] Initialized MultithreadedTaskDispatcher with 12 workers.
 -> (artifact id: '71427e1b54efa122d378e87d1c3bb0c8') in 0.013508 seconds
Number of updated asset objects reloaded before import = 0
Number of asset objects unloaded after import = 1
========================================================================
Received Import Request.
  Time since last request: 0.000024 seconds.
  path: Assets/Normal/Examples/VR Player/Realtime + VR Player.unity
  artifactKey: Guid(cbad2cf12426734428dbbceae2c6cbdc) Importer(2089858483,0ecaa5967403d082aa24f35e1b516d23)
Start importing Assets/Normal/Examples/VR Player/Realtime + VR Player.unity using Guid(cbad2cf12426734428dbbceae2c6cbdc) Importer(2089858483,0ecaa5967403d082aa24f35e1b516d23) [PhysX] Initialized MultithreadedTaskDispatcher with 12 workers.
 -> (artifact id: '2c29a64c274e68855e7f1b61e9023004') in 0.012065 seconds
Number of updated asset objects reloaded before import = 0
Number of asset objects unloaded after import = 1
========================================================================
Received Import Request.
  Time since last request: 0.000022 seconds.
  path: Assets/Normal/Examples/Hoverbird Player/Hoverbird Character/Materials/Board Bottom.mat
  artifactKey: Guid(670a44bb724a34c31a6264a1a1ba0d03) Importer(2089858483,0ecaa5967403d082aa24f35e1b516d23)
Start importing Assets/Normal/Examples/Hoverbird Player/Hoverbird Character/Materials/Board Bottom.mat using Guid(670a44bb724a34c31a6264a1a1ba0d03) Importer(2089858483,0ecaa5967403d082aa24f35e1b516d23) [PhysX] Initialized MultithreadedTaskDispatcher with 12 workers.
 -> (artifact id: '0d75a91a108c4ec11c8085f0dfd2ae7c') in 0.027328 seconds
Number of updated asset objects reloaded before import = 0
Number of asset objects unloaded after import = 1
========================================================================
Received Import Request.
  Time since last request: 0.000022 seconds.
  path: Assets/Normal/Examples/VR Player/Models/RightHandModel.fbx
  artifactKey: Guid(76bc15fe3bdcf5342ace6a4ae91af11a) Importer(2089858483,0ecaa5967403d082aa24f35e1b516d23)
Start importing Assets/Normal/Examples/VR Player/Models/RightHandModel.fbx using Guid(76bc15fe3bdcf5342ace6a4ae91af11a) Importer(2089858483,0ecaa5967403d082aa24f35e1b516d23) [PhysX] Initialized MultithreadedTaskDispatcher with 12 workers.
 -> (artifact id: 'cfb810ce6c92f72618bffa36516b5a3e') in 0.059307 seconds
Number of updated asset objects reloaded before import = 0
Number of asset objects unloaded after import = 9
========================================================================
Received Import Request.
  Time since last request: 0.000018 seconds.
  path: Assets/Normal/Examples/Blank Scene Template/Skybox/GradientSkybox.shader
  artifactKey: Guid(561c4fcf72b2ae34cbb51389696e9b39) Importer(2089858483,0ecaa5967403d082aa24f35e1b516d23)
Start importing Assets/Normal/Examples/Blank Scene Template/Skybox/GradientSkybox.shader using Guid(561c4fcf72b2ae34cbb51389696e9b39) Importer(2089858483,0ecaa5967403d082aa24f35e1b516d23) [PhysX] Initialized MultithreadedTaskDispatcher with 12 workers.
 -> (artifact id: 'dbec5d348f2442a4704cad39b39c3a6a') in 0.016683 seconds
Number of updated asset objects reloaded before import = 0
Number of asset objects unloaded after import = 1
========================================================================
Received Import Request.
  Time since last request: 0.000022 seconds.
  path: Assets/Normal/Examples/Cube Player/Realtime + Cube Player.prefab
  artifactKey: Guid(cec929e6874b9f34a8ff954244b7e748) Importer(2089858483,0ecaa5967403d082aa24f35e1b516d23)
Start importing Assets/Normal/Examples/Cube Player/Realtime + Cube Player.prefab using Guid(cec929e6874b9f34a8ff954244b7e748) Importer(2089858483,0ecaa5967403d082aa24f35e1b516d23) [PhysX] Initialized MultithreadedTaskDispatcher with 12 workers.
 -> (artifact id: '67b7fa713fac2604a535acff0ca1af51') in 0.013732 seconds
Number of updated asset objects reloaded before import = 0
Number of asset objects unloaded after import = 6
========================================================================
Received Import Request.
  Time since last request: 0.000029 seconds.
  path: Assets/Normal/Internal/Editor/SimpleJson.cs
  artifactKey: Guid(cd1f703ef6b5544d483732e8febb44fc) Importer(2089858483,0ecaa5967403d082aa24f35e1b516d23)
Start importing Assets/Normal/Internal/Editor/SimpleJson.cs using Guid(cd1f703ef6b5544d483732e8febb44fc) Importer(2089858483,0ecaa5967403d082aa24f35e1b516d23) [PhysX] Initialized MultithreadedTaskDispatcher with 12 workers.
 -> (artifact id: 'd81f420cc1d82287968b8139031faa2f') in 0.014790 seconds
Number of updated asset objects reloaded before import = 0
Number of asset objects unloaded after import = 1
========================================================================
Received Import Request.
  Time since last request: 0.000043 seconds.
  path: Assets/Scenes/SampleScene.unity
  artifactKey: Guid(9fc0d4010bbf28b4594072e72b8655ab) Importer(2089858483,0ecaa5967403d082aa24f35e1b516d23)
Start importing Assets/Scenes/SampleScene.unity using Guid(9fc0d4010bbf28b4594072e72b8655ab) Importer(2089858483,0ecaa5967403d082aa24f35e1b516d23) [PhysX] Initialized MultithreadedTaskDispatcher with 12 workers.
 -> (artifact id: 'ad2404caaf3617714bf21ffeacab1d01') in 0.014099 seconds
Number of updated asset objects reloaded before import = 0
Number of asset objects unloaded after import = 1
========================================================================
Received Import Request.
  Time since last request: 0.000031 seconds.
  path: Assets/Normal/Examples/Hoverbird Player/Hoverbird Character/Materials/Board Side.mat
  artifactKey: Guid(be3fee8f0cf324e09afa02d650cf91c3) Importer(2089858483,0ecaa5967403d082aa24f35e1b516d23)
Start importing Assets/Normal/Examples/Hoverbird Player/Hoverbird Character/Materials/Board Side.mat using Guid(be3fee8f0cf324e09afa02d650cf91c3) Importer(2089858483,0ecaa5967403d082aa24f35e1b516d23) [PhysX] Initialized MultithreadedTaskDispatcher with 12 workers.
 -> (artifact id: '89352df6bfdbe3219b2271d1a5a371cf') in 0.015695 seconds
Number of updated asset objects reloaded before import = 0
Number of asset objects unloaded after import = 1
========================================================================
Received Import Request.
  Time since last request: 0.000016 seconds.
  path: Assets/Normal/Examples/Blank Scene Template/Floor/Floor.png
  artifactKey: Guid(643e85fabbe0ca24b8a810a61b9ac148) Importer(2089858483,0ecaa5967403d082aa24f35e1b516d23)
Start importing Assets/Normal/Examples/Blank Scene Template/Floor/Floor.png using Guid(643e85fabbe0ca24b8a810a61b9ac148) Importer(2089858483,0ecaa5967403d082aa24f35e1b516d23) [PhysX] Initialized MultithreadedTaskDispatcher with 12 workers.
 -> (artifact id: '0eb68c79a941ffa3847d5aa1c68428c4') in 0.067175 seconds
Number of updated asset objects reloaded before import = 0
Number of asset objects unloaded after import = 1
========================================================================
Received Import Request.
  Time since last request: 0.000024 seconds.
  path: Assets/Normal/Examples/Hoverbird Player/Hoverbird Character/Materials/Board Top.mat
  artifactKey: Guid(c677004612bf641ff8ae4ac4fb9a1e8f) Importer(2089858483,0ecaa5967403d082aa24f35e1b516d23)
Start importing Assets/Normal/Examples/Hoverbird Player/Hoverbird Character/Materials/Board Top.mat using Guid(c677004612bf641ff8ae4ac4fb9a1e8f) Importer(2089858483,0ecaa5967403d082aa24f35e1b516d23) [PhysX] Initialized MultithreadedTaskDispatcher with 12 workers.
 -> (artifact id: 'd1c7587bb1da7ce1175b9e1dbe18c3ea') in 0.017058 seconds
Number of updated asset objects reloaded before import = 0
Number of asset objects unloaded after import = 3
========================================================================
Received Import Request.
  Time since last request: 0.000023 seconds.
  path: Assets/Normal/Examples/VR Player/Models/HeadModel.fbx
  artifactKey: Guid(cd4d92dbe54dcbf41bd37179e8b8b19f) Importer(2089858483,0ecaa5967403d082aa24f35e1b516d23)
Start importing Assets/Normal/Examples/VR Player/Models/HeadModel.fbx using Guid(cd4d92dbe54dcbf41bd37179e8b8b19f) Importer(2089858483,0ecaa5967403d082aa24f35e1b516d23) [PhysX] Initialized MultithreadedTaskDispatcher with 12 workers.
 -> (artifact id: '68c49886d53f3318aee854ef39972a19') in 0.034613 seconds
Number of updated asset objects reloaded before import = 0
Number of asset objects unloaded after import = 16
========================================================================
Received Import Request.
  Time since last request: 0.000026 seconds.
  path: Assets/Normal/Examples/Hoverbird Player/Hoverbird Character/Materials/Bird Belly.mat
  artifactKey: Guid(79cb7c163cf6b483295ba3bccf9b84fb) Importer(2089858483,0ecaa5967403d082aa24f35e1b516d23)
Start importing Assets/Normal/Examples/Hoverbird Player/Hoverbird Character/Materials/Bird Belly.mat using Guid(79cb7c163cf6b483295ba3bccf9b84fb) Importer(2089858483,0ecaa5967403d082aa24f35e1b516d23) [PhysX] Initialized MultithreadedTaskDispatcher with 12 workers.
 -> (artifact id: '9167dcf1fe53a8bd0b9730ad4b5e4267') in 0.015848 seconds
Number of updated asset objects reloaded before import = 0
Number of asset objects unloaded after import = 1
========================================================================
Received Import Request.
  Time since last request: 0.000027 seconds.
  path: Assets/Normal/Examples/VR Player/Realtime + VR Player.prefab
  artifactKey: Guid(fca9d4afb3743274e8f7da14019d7e0b) Importer(2089858483,0ecaa5967403d082aa24f35e1b516d23)
Start importing Assets/Normal/Examples/VR Player/Realtime + VR Player.prefab using Guid(fca9d4afb3743274e8f7da14019d7e0b) Importer(2089858483,0ecaa5967403d082aa24f35e1b516d23) [PhysX] Initialized MultithreadedTaskDispatcher with 12 workers.
 -> (artifact id: '405c37ff61fa8530c46b34c1fbc6b4ed') in 0.013487 seconds
Number of updated asset objects reloaded before import = 0
Number of asset objects unloaded after import = 7
========================================================================
Received Import Request.
  Time since last request: 0.000026 seconds.
  path: Assets/Normal/Examples/VR Player/Models/LeftHandModel.fbx
  artifactKey: Guid(63d3e98e570932546b712b8f10c08d46) Importer(2089858483,0ecaa5967403d082aa24f35e1b516d23)
Start importing Assets/Normal/Examples/VR Player/Models/LeftHandModel.fbx using Guid(63d3e98e570932546b712b8f10c08d46) Importer(2089858483,0ecaa5967403d082aa24f35e1b516d23) [PhysX] Initialized MultithreadedTaskDispatcher with 12 workers.
 -> (artifact id: 'd862c4632c5a37306375a73a9bfee306') in 0.028608 seconds
Number of updated asset objects reloaded before import = 0
Number of asset objects unloaded after import = 9
========================================================================
Received Import Request.
  Time since last request: 0.000025 seconds.
  path: Assets/Normal/Examples/Cube Player/Scripts/CubePlayer.cs
  artifactKey: Guid(0a8a17e32a1aeb74caaab712c4ebd8aa) Importer(2089858483,0ecaa5967403d082aa24f35e1b516d23)
Start importing Assets/Normal/Examples/Cube Player/Scripts/CubePlayer.cs using Guid(0a8a17e32a1aeb74caaab712c4ebd8aa) Importer(2089858483,0ecaa5967403d082aa24f35e1b516d23) [PhysX] Initialized MultithreadedTaskDispatcher with 12 workers.
 -> (artifact id: '4314ea60038a1ab8fc1c714aecfd19b1') in 0.014209 seconds
Number of updated asset objects reloaded before import = 0
Number of asset objects unloaded after import = 1
========================================================================
Received Import Request.
  Time since last request: 0.000037 seconds.
  path: Assets/Normal/Examples/Hoverbird Player/Hoverbird Character/Models/Bird Model.fbx
  artifactKey: Guid(3cd2515d5812b4649a621131319b6b8a) Importer(2089858483,0ecaa5967403d082aa24f35e1b516d23)
Start importing Assets/Normal/Examples/Hoverbird Player/Hoverbird Character/Models/Bird Model.fbx using Guid(3cd2515d5812b4649a621131319b6b8a) Importer(2089858483,0ecaa5967403d082aa24f35e1b516d23) [PhysX] Initialized MultithreadedTaskDispatcher with 12 workers.
 -> (artifact id: 'eea0e23e55cec849414abec6e40b5d8c') in 0.031582 seconds
Number of updated asset objects reloaded before import = 0
Number of asset objects unloaded after import = 28
========================================================================
Received Prepare
Caller must complete domain reload
Begin MonoManager ReloadAssembly
- Loaded All Assemblies, in  0.730 seconds
Native extension for WindowsStandalone target not found
Native extension for Android target not found
[Package Manager] Server::EnsureServerProcessIsRunning -- launch failed, reason: Unity was launched with the -noUpm command-line argument
[Package Manager] UpmClient::Send -- Unable to send message (not connected to UPM process).
[Package Manager] Cannot connect to Unity Package Manager local server
Normcore - Seamless multiplayer for Unity   [ <a href="https://normcore.io/discord"><b>normcore.io/discord</b></a> ]   [ <a href="https://normcore.io/documentation"><b>normcore.io/documentation</b></a> ]
UnityEngine.StackTraceUtility:ExtractStackTrace ()
UnityEngine.DebugLogHandler:LogFormat (UnityEngine.LogType,UnityEngine.Object,string,object[])
UnityEngine.Logger:Log (UnityEngine.LogType,object)
UnityEngine.Debug:Log (object)
Normal.Realtime.Welcome:.cctor ()
System.Runtime.CompilerServices.RuntimeHelpers:RunClassConstructor (System.RuntimeTypeHandle)
UnityEditor.EditorAssemblies:ProcessInitializeOnLoadAttributes (System.Type[])

Mono: successfully reloaded assembly
- Finished resetting the current domain, in  1.167 seconds
Domain Reload Profiling: 1892ms
	BeginReloadAssembly (203ms)
		ExecutionOrderSort (0ms)
		DisableScriptedObjects (4ms)
		BackupInstance (0ms)
		ReleaseScriptingObjects (0ms)
		CreateAndSetChildDomain (46ms)
	RebuildCommonClasses (38ms)
	RebuildNativeTypeToScriptingClass (12ms)
	initialDomainReloadingComplete (64ms)
	LoadAllAssembliesAndSetupDomain (407ms)
		LoadAssemblies (441ms)
		RebuildTransferFunctionScriptingTraits (0ms)
		AnalyzeDomain (88ms)
			TypeCache.Refresh (70ms)
				TypeCache.ScanAssembly (59ms)
			ScanForSourceGeneratedMonoScriptInfo (9ms)
			ResolveRequiredComponents (7ms)
	FinalizeReload (1168ms)
		ReleaseScriptCaches (0ms)
		RebuildScriptCaches (0ms)
		SetupLoadedEditorAssemblies (520ms)
			LogAssemblyErrors (0ms)
			InitializePlatformSupportModulesInManaged (24ms)
			SetLoadedEditorAssemblies (4ms)
			RefreshPlugins (0ms)
			BeforeProcessingInitializeOnLoad (67ms)
			ProcessInitializeOnLoadAttributes (376ms)
			ProcessInitializeOnLoadMethodAttributes (31ms)
			AfterProcessingInitializeOnLoad (18ms)
			EditorAssembliesLoaded (0ms)
		ExecutionOrderSort2 (0ms)
		AwakeInstancesAfterBackupRestoration (8ms)
Refreshing native plugins compatible for Editor in 8.87 ms, found 4 plugins.
Preloading 0 native plugins for Editor in 0.00 ms.
Unloading 3127 Unused Serialized files (Serialized files now loaded: 0)
Unloading 16 unused Assets / (28.5 KB). Loaded Objects now: 3668.
Memory consumption went from 119.7 MB to 119.6 MB.
Total: 3.295300 ms (FindLiveObjects: 0.342700 ms CreateObjectMapping: 0.079400 ms MarkObjects: 2.818000 ms  DeleteObjects: 0.054000 ms)

Prepare: number of updated asset objects reloaded= 0
AssetImportParameters requested are different than current active one (requested -> active):
  custom:scripting/monoscript/fileName/RealtimeAvatarEditor.cs: 64645670616f9bf51963162aa61e5bb4 -> 
  custom:container-demuxer-ogg: 62fdf1f143b41e24485cea50d1cbac27 -> 
  custom:scripting/monoscript/fileName/RealtimeAvatarVoiceModel.cs: 284d73009a49d24641421a0c1ea30df6 -> 
  custom:video-decoder-ogg-theora: a1e56fd34408186e4bbccfd4996cb3dc -> 
  custom:scripting/monoscript/fileName/RealtimeAvatarModel.cs: 93239fd98119635346dada6e3b7df318 -> 
  custom:framework-win-MediaFoundation: 216162199b28c13a410421893ffa2e32 -> 
  custom:scripting/monoscript/fileName/AudioDeviceDataReader.cs: 770d1245681c0dd20f7b1571832a00dd -> 
  custom:scripting/monoscript/fileName/MicrophoneDevice.cs: 888b4cd38eb9db924b959fc86e59f9a7 -> 
  custom:scripting/monoscript/fileName/AudioOutput.cs: 2e3cb1539c6a8eeb591be22a12e72634 -> 
  custom:CustomObjectIndexerAttribute: 9a22284fe3817be447336de3de66b15e -> 
  custom:container-demuxer-webm: 4f35f7cbe854078d1ac9338744f61a02 -> 
  custom:scripting/monoscript/fileName/OculusMicrophoneDevice.cs: ecc4d600c3f4bb0b2224ceacecc7443c -> 
  custom:scripting/precompiled-assembly-types:Normal.Realtime.Shared.Editor: 59d454c45a288e1bf74c59808f7a529f -> 
  custom:container-muxer-webm: aa71ff27fc2769a1b78a27578f13a17b -> 
  custom:video-decoder-webm-vp8: 9c59270c3fd7afecdb556c50c9e8de78 -> 
  custom:scripting/monoscript/fileName/AudioPreprocessorPlaybackListener.cs: bb5ab68af1ec289960705f6b4deefd3c -> 
  custom:SearchIndexIgnoredProperties: e643bd26f0fe6173181afceb89e7c659 -> 
  custom:AudioImporter_EditorPlatform: d09bf68614088b80899f8185d706f6e7 -> 
  custom:scripting/precompiled-assembly-types:Normal.Realtime: 8ebc5d1eac51213d1f50ddcd0bf56189 -> 
  custom:scripting/precompiled-assembly-types:Normal.Realtime.Editor: ebf1f3efb603b72226956c1fb48f18c2 -> 
  custom:video-encoder-webm-vp8: eb34c28f22e8b96e1ab97ce403110664 -> 
  custom:audio-decoder-ogg-vorbis: bf7c407c2cedff20999df2af8eb42d56 -> 
  custom:scripting/monoscript/fileName/RealtimeAvatarVoice.cs: 743928287f5b35f85ae3192b913400b6 -> 
  custom:scripting/monoscript/fileName/RealtimeAvatarManager.cs: 6efb924bae56563eb6c19d927fb967bc -> 
  custom:scripting/monoscript/fileName/RealtimeAvatarVoiceScale.cs: f541f437d56c36918553f0ce65c64ec0 -> 
  custom:audio-encoder-webm-vorbis: bf7c407c2cedff20999df2af8eb42d56 -> 
  custom:scripting/monoscript/fileName/RealtimeAvatar.cs: 61c9c35192e71085ef1d424d8498a667 -> 
  custom:scripting/precompiled-assembly-types:Normal.Realtime.Shared: e3f4dcf4fea61c19d47181fff24067d7 -> 
  custom:scripting/monoscript/fileName/RealtimeAvatarManagerEditor.cs: 1627326e84c22f678bad081bb6228345 -> 
========================================================================
Received Prepare
Caller must complete domain reload
Begin MonoManager ReloadAssembly
- Loaded All Assemblies, in  0.681 seconds
Native extension for WindowsStandalone target not found
Native extension for Android target not found
[Package Manager] Server::EnsureServerProcessIsRunning -- launch failed, reason: Unity was launched with the -noUpm command-line argument
[Package Manager] UpmClient::Send -- Unable to send message (not connected to UPM process).
[Package Manager] Cannot connect to Unity Package Manager local server
Mono: successfully reloaded assembly
- Finished resetting the current domain, in  1.079 seconds
Domain Reload Profiling: 1754ms
	BeginReloadAssembly (171ms)
		ExecutionOrderSort (0ms)
		DisableScriptedObjects (4ms)
		BackupInstance (0ms)
		ReleaseScriptingObjects (0ms)
		CreateAndSetChildDomain (35ms)
	RebuildCommonClasses (46ms)
	RebuildNativeTypeToScriptingClass (13ms)
	initialDomainReloadingComplete (61ms)
	LoadAllAssembliesAndSetupDomain (384ms)
		LoadAssemblies (391ms)
		RebuildTransferFunctionScriptingTraits (0ms)
		AnalyzeDomain (93ms)
			TypeCache.Refresh (69ms)
				TypeCache.ScanAssembly (57ms)
			ScanForSourceGeneratedMonoScriptInfo (16ms)
			ResolveRequiredComponents (7ms)
	FinalizeReload (1079ms)
		ReleaseScriptCaches (0ms)
		RebuildScriptCaches (0ms)
		SetupLoadedEditorAssemblies (416ms)
			LogAssemblyErrors (0ms)
			InitializePlatformSupportModulesInManaged (19ms)
			SetLoadedEditorAssemblies (4ms)
			RefreshPlugins (0ms)
			BeforeProcessingInitializeOnLoad (66ms)
			ProcessInitializeOnLoadAttributes (295ms)
			ProcessInitializeOnLoadMethodAttributes (20ms)
			AfterProcessingInitializeOnLoad (11ms)
			EditorAssembliesLoaded (0ms)
		ExecutionOrderSort2 (0ms)
		AwakeInstancesAfterBackupRestoration (5ms)
Refreshing native plugins compatible for Editor in 8.49 ms, found 4 plugins.
Preloading 0 native plugins for Editor in 0.00 ms.
Unloading 3136 Unused Serialized files (Serialized files now loaded: 0)
Unloading 16 unused Assets / (28.5 KB). Loaded Objects now: 3680.
Memory consumption went from 120.1 MB to 120.1 MB.
Total: 3.491400 ms (FindLiveObjects: 0.336700 ms CreateObjectMapping: 0.087700 ms MarkObjects: 2.987200 ms  DeleteObjects: 0.078500 ms)

Prepare: number of updated asset objects reloaded= 0
AssetImportParameters requested are different than current active one (requested -> active):
  custom:scripting/monoscript/fileName/RealtimeAvatarEditor.cs: 64645670616f9bf51963162aa61e5bb4 -> 
  custom:container-demuxer-ogg: 62fdf1f143b41e24485cea50d1cbac27 -> 
  custom:scripting/monoscript/fileName/RealtimeAvatarVoiceModel.cs: 284d73009a49d24641421a0c1ea30df6 -> 
  custom:scripting/monoscript/fileName/RealtimeProfilerBuffer.cs: 90647cc400823b41df847a6cbfc29026 -> 
  custom:scripting/precompiled-assembly-types:Unity.Profiling.Core: a336ccbc8b8eedc26954b35fd863eaec -> 
  custom:scripting/monoscript/fileName/RealtimeProfiler.cs: 1b336c09742173b1a8dee6ecbcdef984 -> 
  custom:video-decoder-ogg-theora: a1e56fd34408186e4bbccfd4996cb3dc -> 
  custom:scripting/monoscript/fileName/ProfilerUtility.cs: 8fd6baaa4a8812aeb14b0e3a857e7749 -> 
  custom:scripting/monoscript/fileName/RealtimeAvatarModel.cs: 93239fd98119635346dada6e3b7df318 -> 
  custom:framework-win-MediaFoundation: 216162199b28c13a410421893ffa2e32 -> 
  custom:scripting/monoscript/fileName/CubePlayerManager.cs: d76f52842a066f4732dc9f7746f5a56a -> 
  custom:scripting/monoscript/fileName/HoverbirdPlayerManager.cs: 48f6953a816d2074f9345d8094e84999 -> 
  custom:scripting/monoscript/fileName/RealtimeProfilerSession.cs: 6be849aa30d044d13f40afdc1f50aacf -> 
  custom:scripting/monoscript/fileName/VoiceMouthMove.cs: a07a9e9b09c0594f93ccc77ec63d29c6 -> 
  custom:scripting/monoscript/fileName/AudioDeviceDataReader.cs: 770d1245681c0dd20f7b1571832a00dd -> 
  custom:scripting/monoscript/fileName/MicrophoneDevice.cs: 888b4cd38eb9db924b959fc86e59f9a7 -> 
  custom:scripting/monoscript/fileName/AudioOutput.cs: 2e3cb1539c6a8eeb591be22a12e72634 -> 
  custom:CustomObjectIndexerAttribute: 9a22284fe3817be447336de3de66b15e -> 
  custom:container-demuxer-webm: 4f35f7cbe854078d1ac9338744f61a02 -> 
  custom:scripting/monoscript/fileName/OculusMicrophoneDevice.cs: ecc4d600c3f4bb0b2224ceacecc7443c -> 
  custom:scripting/precompiled-assembly-types:Normal.Realtime.Shared.Editor: 59d454c45a288e1bf74c59808f7a529f -> 
  custom:scripting/monoscript/fileName/HoverbirdPlayer.cs: f70406015fb116e48b26a87855a8e143 -> 
  custom:container-muxer-webm: aa71ff27fc2769a1b78a27578f13a17b -> 
  custom:video-decoder-webm-vp8: 9c59270c3fd7afecdb556c50c9e8de78 -> 
  custom:scripting/monoscript/fileName/ProfilerMarker3Params.cs: 0cdf409b5aa8d4c25876d72b5c6a3b60 -> 
  custom:scripting/monoscript/fileName/ProfilerCounterValue.cs: 90647cc400823b41df847a6cbfc29026 -> 
  custom:scripting/monoscript/fileName/AudioPreprocessorPlaybackListener.cs: bb5ab68af1ec289960705f6b4deefd3c -> 
  custom:SearchIndexIgnoredProperties: e643bd26f0fe6173181afceb89e7c659 -> 
  custom:scripting/monoscript/fileName/ProfilerCounter.cs: 90647cc400823b41df847a6cbfc29026 -> 
  custom:AudioImporter_EditorPlatform: d09bf68614088b80899f8185d706f6e7 -> 
  custom:scripting/monoscript/fileName/ProfilerMarkerExtensions.cs: e9eec9a5472d64e0b6699387d0bf6ebd -> 
  custom:scripting/precompiled-assembly-types:Normal.Realtime: 8ebc5d1eac51213d1f50ddcd0bf56189 -> 
  custom:scripting/monoscript/fileName/ProfilerMarker2Params.cs: 0cdf409b5aa8d4c25876d72b5c6a3b60 -> 
  custom:scripting/precompiled-assembly-types:Normal.Realtime.Editor: ebf1f3efb603b72226956c1fb48f18c2 -> 
  custom:scripting/monoscript/fileName/CubePlayer.cs: fc133ee3053390096d665714586e8d2d -> 
  custom:video-encoder-webm-vp8: eb34c28f22e8b96e1ab97ce403110664 -> 
  custom:audio-decoder-ogg-vorbis: bf7c407c2cedff20999df2af8eb42d56 -> 
  custom:scripting/monoscript/fileName/RealtimeAvatarVoice.cs: 743928287f5b35f85ae3192b913400b6 -> 
  custom:scripting/monoscript/fileName/ProfilerMarker1Param.cs: 0cdf409b5aa8d4c25876d72b5c6a3b60 -> 
  custom:scripting/monoscript/fileName/RealtimeAvatarManager.cs: 6efb924bae56563eb6c19d927fb967bc -> 
  custom:scripting/monoscript/fileName/RealtimeProfilerCounters.cs: cf494fd90eb399263324a4e784b33283 -> 
  custom:scripting/monoscript/fileName/RealtimeAvatarVoiceScale.cs: f541f437d56c36918553f0ce65c64ec0 -> 
  custom:audio-encoder-webm-vorbis: bf7c407c2cedff20999df2af8eb42d56 -> 
  custom:scripting/monoscript/fileName/RealtimeAvatar.cs: 61c9c35192e71085ef1d424d8498a667 -> 
  custom:scripting/monoscript/fileName/RealtimeProfilerModule.cs: 76367a21bf91fbae33105e2f7b76241e -> 
  custom:scripting/precompiled-assembly-types:Assembly-CSharp: 4f742dee8894d5b47c84f32352d3823f -> 7d0d7862d6010067bc07a6c6f8d2d18e
  custom:scripting/precompiled-assembly-types:Normal.Realtime.Shared: e3f4dcf4fea61c19d47181fff24067d7 -> 
  custom:scripting/monoscript/fileName/RealtimeAvatarManagerEditor.cs: 1627326e84c22f678bad081bb6228345 -> 
  custom:scripting/precompiled-assembly-types:Normal.Realtime.Profiler: f2aad82247d901b13b90733f68711847 -> 
