Using pre-set license
Built from '2022.3/staging' branch; Version is '2022.3.55f1 (9f374180d209) revision 10434369'; Using compiler version '192829333'; Build Type 'Release'
OS: 'Windows 10  (10.0.19045) 64bit Core' Language: 'en' Physical Memory: 16310 MB
BatchMode: 1, IsHumanControllingUs: 0, StartBugReporterOnCrash: 0, Is64bit: 1, IsPro: 1

COMMAND LINE ARGUMENTS:
C:\Program Files\Unity\Hub\Editor\2022.3.55f1\Editor\Unity.exe
-adb2
-batchMode
-noUpm
-name
AssetImportWorker0
-projectPath
C:/Users/ander/Documents/chessBoxing/ChessBoxingVR/ChessBoxing
-logFile
Logs/AssetImportWorker0.log
-srvPort
51144
Successfully changed project path to: C:/Users/ander/Documents/chessBoxing/ChessBoxingVR/ChessBoxing
C:/Users/ander/Documents/chessBoxing/ChessBoxingVR/ChessBoxing
[UnityMemory] Configuration Parameters - Can be set up in boot.config
    "memorysetup-bucket-allocator-granularity=16"
    "memorysetup-bucket-allocator-bucket-count=8"
    "memorysetup-bucket-allocator-block-size=33554432"
    "memorysetup-bucket-allocator-block-count=8"
    "memorysetup-main-allocator-block-size=16777216"
    "memorysetup-thread-allocator-block-size=16777216"
    "memorysetup-gfx-main-allocator-block-size=16777216"
    "memorysetup-gfx-thread-allocator-block-size=16777216"
    "memorysetup-cache-allocator-block-size=4194304"
    "memorysetup-typetree-allocator-block-size=2097152"
    "memorysetup-profiler-bucket-allocator-granularity=16"
    "memorysetup-profiler-bucket-allocator-bucket-count=8"
    "memorysetup-profiler-bucket-allocator-block-size=33554432"
    "memorysetup-profiler-bucket-allocator-block-count=8"
    "memorysetup-profiler-allocator-block-size=16777216"
    "memorysetup-profiler-editor-allocator-block-size=1048576"
    "memorysetup-temp-allocator-size-main=16777216"
    "memorysetup-job-temp-allocator-block-size=2097152"
    "memorysetup-job-temp-allocator-block-size-background=1048576"
    "memorysetup-job-temp-allocator-reduction-small-platforms=262144"
    "memorysetup-allocator-temp-initial-block-size-main=262144"
    "memorysetup-allocator-temp-initial-block-size-worker=262144"
    "memorysetup-temp-allocator-size-background-worker=32768"
    "memorysetup-temp-allocator-size-job-worker=262144"
    "memorysetup-temp-allocator-size-preload-manager=33554432"
    "memorysetup-temp-allocator-size-nav-mesh-worker=65536"
    "memorysetup-temp-allocator-size-audio-worker=65536"
    "memorysetup-temp-allocator-size-cloud-worker=32768"
    "memorysetup-temp-allocator-size-gi-baking-worker=262144"
    "memorysetup-temp-allocator-size-gfx=262144"
Player connection [18744]  Target information:

Player connection [18744]  * "[IP] 10.0.0.119 [Port] 0 [Flags] 2 [Guid] 829875819 [EditorId] 829875819 [Version] 1048832 [Id] WindowsEditor(7,DESKTOP-UKADAR7) [Debug] 1 [PackageName] WindowsEditor [ProjectName] Editor" 

Player connection [18744] Host joined multi-casting on [225.0.0.222:54997]...
Player connection [18744] Host joined alternative multi-casting on [225.0.0.222:34997]...
[PhysX] Initialized MultithreadedTaskDispatcher with 12 workers.
Refreshing native plugins compatible for Editor in 15.20 ms, found 3 plugins.
Preloading 0 native plugins for Editor in 0.00 ms.
Initialize engine version: 2022.3.55f1 (9f374180d209)
[Subsystems] Discovering subsystems at path C:/Program Files/Unity/Hub/Editor/2022.3.55f1/Editor/Data/Resources/UnitySubsystems
[Subsystems] Discovering subsystems at path C:/Users/ander/Documents/chessBoxing/ChessBoxingVR/ChessBoxing/Assets
GfxDevice: creating device client; threaded=0; jobified=0
Direct3D:
    Version:  Direct3D 11.0 [level 11.1]
    Renderer: NVIDIA GeForce RTX 2060 (ID=0x1f08)
    Vendor:   NVIDIA
    VRAM:     5955 MB
    Driver:   32.0.15.6614
Initialize mono
Mono path[0] = 'C:/Program Files/Unity/Hub/Editor/2022.3.55f1/Editor/Data/Managed'
Mono path[1] = 'C:/Program Files/Unity/Hub/Editor/2022.3.55f1/Editor/Data/MonoBleedingEdge/lib/mono/unityjit-win32'
Mono config path = 'C:/Program Files/Unity/Hub/Editor/2022.3.55f1/Editor/Data/MonoBleedingEdge/etc'
Using monoOptions --debugger-agent=transport=dt_socket,embedding=1,server=y,suspend=n,address=127.0.0.1:56040
Begin MonoManager ReloadAssembly
Registering precompiled unity dll's ...
Register platform support module: C:/Program Files/Unity/Hub/Editor/2022.3.55f1/Editor/Data/PlaybackEngines/AndroidPlayer/UnityEditor.Android.Extensions.dll
Register platform support module: C:/Program Files/Unity/Hub/Editor/2022.3.55f1/Editor/Data/PlaybackEngines/WindowsStandaloneSupport/UnityEditor.WindowsStandalone.Extensions.dll
Registered in 0.013426 seconds.
- Loaded All Assemblies, in  0.446 seconds
Native extension for WindowsStandalone target not found
Native extension for Android target not found
Android Extension - Scanning For ADB Devices 379 ms
Mono: successfully reloaded assembly
- Finished resetting the current domain, in  0.802 seconds
Domain Reload Profiling: 1245ms
	BeginReloadAssembly (144ms)
		ExecutionOrderSort (0ms)
		DisableScriptedObjects (0ms)
		BackupInstance (0ms)
		ReleaseScriptingObjects (0ms)
		CreateAndSetChildDomain (1ms)
	RebuildCommonClasses (41ms)
	RebuildNativeTypeToScriptingClass (12ms)
	initialDomainReloadingComplete (72ms)
	LoadAllAssembliesAndSetupDomain (174ms)
		LoadAssemblies (141ms)
		RebuildTransferFunctionScriptingTraits (0ms)
		AnalyzeDomain (171ms)
			TypeCache.Refresh (169ms)
				TypeCache.ScanAssembly (156ms)
			ScanForSourceGeneratedMonoScriptInfo (0ms)
			ResolveRequiredComponents (1ms)
	FinalizeReload (802ms)
		ReleaseScriptCaches (0ms)
		RebuildScriptCaches (0ms)
		SetupLoadedEditorAssemblies (741ms)
			LogAssemblyErrors (0ms)
			InitializePlatformSupportModulesInManaged (508ms)
			SetLoadedEditorAssemblies (4ms)
			RefreshPlugins (0ms)
			BeforeProcessingInitializeOnLoad (2ms)
			ProcessInitializeOnLoadAttributes (154ms)
			ProcessInitializeOnLoadMethodAttributes (74ms)
			AfterProcessingInitializeOnLoad (0ms)
			EditorAssembliesLoaded (0ms)
		ExecutionOrderSort2 (0ms)
		AwakeInstancesAfterBackupRestoration (0ms)
========================================================================
Worker process is ready to serve import requests
Caller must complete domain reload
Begin MonoManager ReloadAssembly
- Loaded All Assemblies, in  0.764 seconds
Native extension for WindowsStandalone target not found
Native extension for Android target not found
Package Manager log level set to [2]
[Package Manager] Server::EnsureServerProcessIsRunning -- launch failed, reason: Unity was launched with the -noUpm command-line argument
[Package Manager] UpmClient::Send -- Unable to send message (not connected to UPM process).
[Package Manager] Cannot connect to Unity Package Manager local server
Mono: successfully reloaded assembly
- Finished resetting the current domain, in  0.605 seconds
Domain Reload Profiling: 1365ms
	BeginReloadAssembly (173ms)
		ExecutionOrderSort (0ms)
		DisableScriptedObjects (5ms)
		BackupInstance (0ms)
		ReleaseScriptingObjects (0ms)
		CreateAndSetChildDomain (24ms)
	RebuildCommonClasses (34ms)
	RebuildNativeTypeToScriptingClass (12ms)
	initialDomainReloadingComplete (44ms)
	LoadAllAssembliesAndSetupDomain (497ms)
		LoadAssemblies (373ms)
		RebuildTransferFunctionScriptingTraits (0ms)
		AnalyzeDomain (213ms)
			TypeCache.Refresh (185ms)
				TypeCache.ScanAssembly (168ms)
			ScanForSourceGeneratedMonoScriptInfo (18ms)
			ResolveRequiredComponents (8ms)
	FinalizeReload (605ms)
		ReleaseScriptCaches (0ms)
		RebuildScriptCaches (0ms)
		SetupLoadedEditorAssemblies (437ms)
			LogAssemblyErrors (0ms)
			InitializePlatformSupportModulesInManaged (21ms)
			SetLoadedEditorAssemblies (3ms)
			RefreshPlugins (0ms)
			BeforeProcessingInitializeOnLoad (65ms)
			ProcessInitializeOnLoadAttributes (315ms)
			ProcessInitializeOnLoadMethodAttributes (21ms)
			AfterProcessingInitializeOnLoad (12ms)
			EditorAssembliesLoaded (0ms)
		ExecutionOrderSort2 (0ms)
		AwakeInstancesAfterBackupRestoration (7ms)
Launched and connected shader compiler UnityShaderCompiler.exe after 0.05 seconds
Refreshing native plugins compatible for Editor in 5.49 ms, found 3 plugins.
Preloading 0 native plugins for Editor in 0.00 ms.
Unloading 3114 Unused Serialized files (Serialized files now loaded: 0)
Unloading 19 unused Assets / (54.9 KB). Loaded Objects now: 3583.
Memory consumption went from 120.5 MB to 120.5 MB.
Total: 3.962700 ms (FindLiveObjects: 0.341100 ms CreateObjectMapping: 0.076300 ms MarkObjects: 3.373600 ms  DeleteObjects: 0.170100 ms)

AssetImportParameters requested are different than current active one (requested -> active):
  custom:container-demuxer-ogg: 62fdf1f143b41e24485cea50d1cbac27 -> 
  custom:video-decoder-ogg-theora: a1e56fd34408186e4bbccfd4996cb3dc -> 
  custom:framework-win-MediaFoundation: 216162199b28c13a410421893ffa2e32 -> 
  custom:CustomObjectIndexerAttribute: 9a22284fe3817be447336de3de66b15e -> 
  custom:container-demuxer-webm: 4f35f7cbe854078d1ac9338744f61a02 -> 
  custom:container-muxer-webm: aa71ff27fc2769a1b78a27578f13a17b -> 
  custom:video-decoder-webm-vp8: 9c59270c3fd7afecdb556c50c9e8de78 -> 
  custom:SearchIndexIgnoredProperties: e643bd26f0fe6173181afceb89e7c659 -> 
  custom:AudioImporter_EditorPlatform: d09bf68614088b80899f8185d706f6e7 -> 
  custom:video-encoder-webm-vp8: eb34c28f22e8b96e1ab97ce403110664 -> 
  custom:audio-decoder-ogg-vorbis: bf7c407c2cedff20999df2af8eb42d56 -> 
  custom:audio-encoder-webm-vorbis: bf7c407c2cedff20999df2af8eb42d56 -> 
========================================================================
Received Import Request.
  Time since last request: 336371.888940 seconds.
  path: Assets/Normal
  artifactKey: Guid(5366fb407d4b54d4e95d36437aa2bb40) Importer(815301076,1909f56bfc062723c751e8b465ee728b)
Start importing Assets/Normal using Guid(5366fb407d4b54d4e95d36437aa2bb40) Importer(815301076,1909f56bfc062723c751e8b465ee728b) [PhysX] Initialized MultithreadedTaskDispatcher with 12 workers.
 -> (artifact id: '17f51282e85ce9fe7a8b5b7d337819dd') in 0.002680 seconds
Number of updated asset objects reloaded before import = 0
Number of asset objects unloaded after import = 0
========================================================================
Received Import Request.
  Time since last request: 0.107000 seconds.
  path: Assets/Normal/Examples-URP.unitypackage
  artifactKey: Guid(3e5fedb75bd2b2b419fe2bb7b8c43063) Importer(2089858483,0ecaa5967403d082aa24f35e1b516d23)
Start importing Assets/Normal/Examples-URP.unitypackage using Guid(3e5fedb75bd2b2b419fe2bb7b8c43063) Importer(2089858483,0ecaa5967403d082aa24f35e1b516d23) [PhysX] Initialized MultithreadedTaskDispatcher with 12 workers.
 -> (artifact id: '5b80963e9493fede520d42f82db59db2') in 0.072280 seconds
Number of updated asset objects reloaded before import = 0
Number of asset objects unloaded after import = 1
========================================================================
Received Import Request.
  Time since last request: 0.000024 seconds.
  path: Assets/Normal/Examples/Blank Scene Template/Skybox/GradientSkybox.mat
  artifactKey: Guid(1be9ef936b98a6f41b29e714b9e0f4f6) Importer(2089858483,0ecaa5967403d082aa24f35e1b516d23)
Start importing Assets/Normal/Examples/Blank Scene Template/Skybox/GradientSkybox.mat using Guid(1be9ef936b98a6f41b29e714b9e0f4f6) Importer(2089858483,0ecaa5967403d082aa24f35e1b516d23) [PhysX] Initialized MultithreadedTaskDispatcher with 12 workers.
 -> (artifact id: 'f98cc1b298d05d28edfc4f02b1229898') in 0.055125 seconds
Number of updated asset objects reloaded before import = 0
Number of asset objects unloaded after import = 1
========================================================================
Received Import Request.
  Time since last request: 0.000020 seconds.
  path: Assets/Normal/Examples/Hoverbird Player/Hoverbird Character/Textures/Hoverbird Gradient.png
  artifactKey: Guid(299b4d5105b344545a30eb8105cc830b) Importer(2089858483,0ecaa5967403d082aa24f35e1b516d23)
Start importing Assets/Normal/Examples/Hoverbird Player/Hoverbird Character/Textures/Hoverbird Gradient.png using Guid(299b4d5105b344545a30eb8105cc830b) Importer(2089858483,0ecaa5967403d082aa24f35e1b516d23) [PhysX] Initialized MultithreadedTaskDispatcher with 12 workers.
 -> (artifact id: '9697d5e9784d9b4370a7b68f320e04b5') in 0.065288 seconds
Number of updated asset objects reloaded before import = 0
Number of asset objects unloaded after import = 1
========================================================================
Received Import Request.
  Time since last request: 0.000044 seconds.
  path: Assets/Normal/Examples/Blank Scene Template/Cubes/Blue.mat
  artifactKey: Guid(3e3946d494745fe4e867d55877fce966) Importer(2089858483,0ecaa5967403d082aa24f35e1b516d23)
Start importing Assets/Normal/Examples/Blank Scene Template/Cubes/Blue.mat using Guid(3e3946d494745fe4e867d55877fce966) Importer(2089858483,0ecaa5967403d082aa24f35e1b516d23) [PhysX] Initialized MultithreadedTaskDispatcher with 12 workers.
 -> (artifact id: '5cf68c213e463642fec81c6eea1f2bc9') in 0.018463 seconds
Number of updated asset objects reloaded before import = 0
Number of asset objects unloaded after import = 1
========================================================================
Received Import Request.
  Time since last request: 0.000032 seconds.
  path: Assets/Normal/Examples/Blank Scene Template/Blank Scene Template.unity
  artifactKey: Guid(2ffd2b20e178a18488e514c2fb89219c) Importer(2089858483,0ecaa5967403d082aa24f35e1b516d23)
Start importing Assets/Normal/Examples/Blank Scene Template/Blank Scene Template.unity using Guid(2ffd2b20e178a18488e514c2fb89219c) Importer(2089858483,0ecaa5967403d082aa24f35e1b516d23) [PhysX] Initialized MultithreadedTaskDispatcher with 12 workers.
 -> (artifact id: '3e7416282e76bb90a2f9cdde42a64980') in 0.012955 seconds
Number of updated asset objects reloaded before import = 0
Number of asset objects unloaded after import = 1
========================================================================
Received Import Request.
  Time since last request: 0.000029 seconds.
  path: Assets/Normal/Examples/Blank Scene Template/Floor/Floor.shader
  artifactKey: Guid(4b0624cc95555924b84413e60f7a9966) Importer(2089858483,0ecaa5967403d082aa24f35e1b516d23)
Start importing Assets/Normal/Examples/Blank Scene Template/Floor/Floor.shader using Guid(4b0624cc95555924b84413e60f7a9966) Importer(2089858483,0ecaa5967403d082aa24f35e1b516d23) [PhysX] Initialized MultithreadedTaskDispatcher with 12 workers.
 -> (artifact id: '558c2cdeb8fb2416cdb4e78a3bf365a3') in 0.020200 seconds
Number of updated asset objects reloaded before import = 0
Number of asset objects unloaded after import = 1
========================================================================
Received Import Request.
  Time since last request: 0.000018 seconds.
  path: Assets/Normal/Examples/Blank Scene Template/Environment.prefab
  artifactKey: Guid(0317d2532e17f104fabb5020a7e94e65) Importer(2089858483,0ecaa5967403d082aa24f35e1b516d23)
Start importing Assets/Normal/Examples/Blank Scene Template/Environment.prefab using Guid(0317d2532e17f104fabb5020a7e94e65) Importer(2089858483,0ecaa5967403d082aa24f35e1b516d23) [PhysX] Initialized MultithreadedTaskDispatcher with 12 workers.
 -> (artifact id: 'e931d59329a928ef983bb96b2a2fe0e0') in 0.025025 seconds
Number of updated asset objects reloaded before import = 0
Number of asset objects unloaded after import = 44
========================================================================
Received Import Request.
  Time since last request: 0.000037 seconds.
  path: Assets/Normal/Examples/Hoverbird Player/Resources/Hoverbird Player.prefab
  artifactKey: Guid(78e8935bcc34544a494c2d462dd3eceb) Importer(2089858483,0ecaa5967403d082aa24f35e1b516d23)
Start importing Assets/Normal/Examples/Hoverbird Player/Resources/Hoverbird Player.prefab using Guid(78e8935bcc34544a494c2d462dd3eceb) Importer(2089858483,0ecaa5967403d082aa24f35e1b516d23) [PhysX] Initialized MultithreadedTaskDispatcher with 12 workers.
 -> (artifact id: 'bb456889f4eb0a53dc06263a9f3b7f44') in 0.022220 seconds
Number of updated asset objects reloaded before import = 0
Number of asset objects unloaded after import = 51
========================================================================
Received Import Request.
  Time since last request: 0.000025 seconds.
  path: Assets/Normal/Examples/Hoverbird Player/Hoverbird Character/Materials/Bird.mat
  artifactKey: Guid(2ba6856629f9d4f94b2dd800f9dc6b48) Importer(2089858483,0ecaa5967403d082aa24f35e1b516d23)
Start importing Assets/Normal/Examples/Hoverbird Player/Hoverbird Character/Materials/Bird.mat using Guid(2ba6856629f9d4f94b2dd800f9dc6b48) Importer(2089858483,0ecaa5967403d082aa24f35e1b516d23) [PhysX] Initialized MultithreadedTaskDispatcher with 12 workers.
 -> (artifact id: '2457d0027f1955f61b22555d00c34b16') in 0.010203 seconds
Number of updated asset objects reloaded before import = 0
Number of asset objects unloaded after import = 1
========================================================================
Received Import Request.
  Time since last request: 0.000023 seconds.
  path: Assets/Normal/Examples/Blank Scene Template/Cubes/Purple.mat
  artifactKey: Guid(504cad0835ffa574d852d96986e49bc8) Importer(2089858483,0ecaa5967403d082aa24f35e1b516d23)
Start importing Assets/Normal/Examples/Blank Scene Template/Cubes/Purple.mat using Guid(504cad0835ffa574d852d96986e49bc8) Importer(2089858483,0ecaa5967403d082aa24f35e1b516d23) [PhysX] Initialized MultithreadedTaskDispatcher with 12 workers.
 -> (artifact id: '905cbd6761817a937dd151a6bd4adb1a') in 0.013397 seconds
Number of updated asset objects reloaded before import = 0
Number of asset objects unloaded after import = 1
========================================================================
Received Import Request.
  Time since last request: 0.000026 seconds.
  path: Assets/Normal/Examples/Blank Scene Template/Floor/Floor.mat
  artifactKey: Guid(874ec5f200c7cc2448668460cf565241) Importer(2089858483,0ecaa5967403d082aa24f35e1b516d23)
Start importing Assets/Normal/Examples/Blank Scene Template/Floor/Floor.mat using Guid(874ec5f200c7cc2448668460cf565241) Importer(2089858483,0ecaa5967403d082aa24f35e1b516d23) [PhysX] Initialized MultithreadedTaskDispatcher with 12 workers.
 -> (artifact id: '4ab962ae9bf8e6b1ad37448854e94e76') in 0.016935 seconds
Number of updated asset objects reloaded before import = 0
Number of asset objects unloaded after import = 2
========================================================================
Received Import Request.
  Time since last request: 0.000029 seconds.
  path: Assets/Normal/Examples/VR Player/Resources/VR Player.prefab
  artifactKey: Guid(132fa799030920d4cb15dfab7ec5c45f) Importer(2089858483,0ecaa5967403d082aa24f35e1b516d23)
Start importing Assets/Normal/Examples/VR Player/Resources/VR Player.prefab using Guid(132fa799030920d4cb15dfab7ec5c45f) Importer(2089858483,0ecaa5967403d082aa24f35e1b516d23) [PhysX] Initialized MultithreadedTaskDispatcher with 12 workers.
 -> (artifact id: '712751604742d47b309838b506113186') in 0.017093 seconds
Number of updated asset objects reloaded before import = 0
Number of asset objects unloaded after import = 45
========================================================================
Received Import Request.
  Time since last request: 0.000026 seconds.
  path: Assets/Normal/Examples/Hoverbird Player/Realtime + Hoverbird Player.prefab
  artifactKey: Guid(eec4742210fff4265b4d680e692d4ebc) Importer(2089858483,0ecaa5967403d082aa24f35e1b516d23)
Start importing Assets/Normal/Examples/Hoverbird Player/Realtime + Hoverbird Player.prefab using Guid(eec4742210fff4265b4d680e692d4ebc) Importer(2089858483,0ecaa5967403d082aa24f35e1b516d23) [PhysX] Initialized MultithreadedTaskDispatcher with 12 workers.
 -> (artifact id: '4080705f039fa6abe802f7003ab9044e') in 0.011991 seconds
Number of updated asset objects reloaded before import = 0
Number of asset objects unloaded after import = 6
========================================================================
Received Import Request.
  Time since last request: 0.000026 seconds.
  path: Assets/Normal/Examples/Hoverbird Player/Hoverbird Character/Shaders/Hoverbird Gradient.shader
  artifactKey: Guid(037b16391ab0d4ab42069930754d87d2) Importer(2089858483,0ecaa5967403d082aa24f35e1b516d23)
Start importing Assets/Normal/Examples/Hoverbird Player/Hoverbird Character/Shaders/Hoverbird Gradient.shader using Guid(037b16391ab0d4ab42069930754d87d2) Importer(2089858483,0ecaa5967403d082aa24f35e1b516d23) [PhysX] Initialized MultithreadedTaskDispatcher with 12 workers.
 -> (artifact id: '3071914b7f49c100fbf4f54cd4def113') in 0.021893 seconds
Number of updated asset objects reloaded before import = 0
Number of asset objects unloaded after import = 1
========================================================================
Received Import Request.
  Time since last request: 0.000038 seconds.
  path: Assets/Normal/Examples/Hoverbird Player/Hoverbird Character/Textures/Hoverbird Grid.png
  artifactKey: Guid(41edf6c7fe86848c0b1e7764a713b41c) Importer(2089858483,0ecaa5967403d082aa24f35e1b516d23)
Start importing Assets/Normal/Examples/Hoverbird Player/Hoverbird Character/Textures/Hoverbird Grid.png using Guid(41edf6c7fe86848c0b1e7764a713b41c) Importer(2089858483,0ecaa5967403d082aa24f35e1b516d23) [PhysX] Initialized MultithreadedTaskDispatcher with 12 workers.
 -> (artifact id: '90cee5fa88527033b65f8ac62069bce7') in 0.021371 seconds
Number of updated asset objects reloaded before import = 0
Number of asset objects unloaded after import = 1
========================================================================
Received Import Request.
  Time since last request: 0.000036 seconds.
  path: Assets/Normal/Examples/Hoverbird Player/Scripts/HoverbirdPlayerManager.cs
  artifactKey: Guid(c3a535c453daa489ab6893ba6eb2af7a) Importer(2089858483,0ecaa5967403d082aa24f35e1b516d23)
Start importing Assets/Normal/Examples/Hoverbird Player/Scripts/HoverbirdPlayerManager.cs using Guid(c3a535c453daa489ab6893ba6eb2af7a) Importer(2089858483,0ecaa5967403d082aa24f35e1b516d23) [PhysX] Initialized MultithreadedTaskDispatcher with 12 workers.
 -> (artifact id: '0002a93af14e1ef85132cc0ef0634898') in 0.012715 seconds
Number of updated asset objects reloaded before import = 0
Number of asset objects unloaded after import = 1
========================================================================
Received Import Request.
  Time since last request: 0.000045 seconds.
  path: Assets/Normal/Examples/Cube Player/Resources/CubePlayer.prefab
  artifactKey: Guid(2e290279b66bdc043bf585cf681fed70) Importer(2089858483,0ecaa5967403d082aa24f35e1b516d23)
Start importing Assets/Normal/Examples/Cube Player/Resources/CubePlayer.prefab using Guid(2e290279b66bdc043bf585cf681fed70) Importer(2089858483,0ecaa5967403d082aa24f35e1b516d23) [PhysX] Initialized MultithreadedTaskDispatcher with 12 workers.
 -> (artifact id: 'effbfe10dc449d0869c999547929a8e1') in 0.013215 seconds
Number of updated asset objects reloaded before import = 0
Number of asset objects unloaded after import = 12
========================================================================
Received Import Request.
  Time since last request: 0.000023 seconds.
  path: Assets/Normal/Examples/Blank Scene Template/Cubes/Yellow.mat
  artifactKey: Guid(2d72e11d308ce19409e6c58a1ebb6664) Importer(2089858483,0ecaa5967403d082aa24f35e1b516d23)
Start importing Assets/Normal/Examples/Blank Scene Template/Cubes/Yellow.mat using Guid(2d72e11d308ce19409e6c58a1ebb6664) Importer(2089858483,0ecaa5967403d082aa24f35e1b516d23) [PhysX] Initialized MultithreadedTaskDispatcher with 12 workers.
 -> (artifact id: 'e53c9f2d6950f99ddcd0466180ccb3e7') in 0.015757 seconds
Number of updated asset objects reloaded before import = 0
Number of asset objects unloaded after import = 1
========================================================================
Received Import Request.
  Time since last request: 0.000043 seconds.
  path: Assets/Normal/Examples/Hoverbird Player/Realtime + Hoverbird Player.unity
  artifactKey: Guid(1775a49a108b4415b8f65e8ae58369c6) Importer(2089858483,0ecaa5967403d082aa24f35e1b516d23)
Start importing Assets/Normal/Examples/Hoverbird Player/Realtime + Hoverbird Player.unity using Guid(1775a49a108b4415b8f65e8ae58369c6) Importer(2089858483,0ecaa5967403d082aa24f35e1b516d23) [PhysX] Initialized MultithreadedTaskDispatcher with 12 workers.
 -> (artifact id: 'c02cbd463da2dafc553bb0ea0c429d8a') in 0.012502 seconds
Number of updated asset objects reloaded before import = 0
Number of asset objects unloaded after import = 1
========================================================================
Received Import Request.
  Time since last request: 0.000036 seconds.
  path: Assets/Normal/Internal/Resources/InternalDirectory.asset
  artifactKey: Guid(5f9ab76be3bea954b8d2d3d0ae5e3ac2) Importer(2089858483,0ecaa5967403d082aa24f35e1b516d23)
Start importing Assets/Normal/Internal/Resources/InternalDirectory.asset using Guid(5f9ab76be3bea954b8d2d3d0ae5e3ac2) Importer(2089858483,0ecaa5967403d082aa24f35e1b516d23) [PhysX] Initialized MultithreadedTaskDispatcher with 12 workers.
 -> (artifact id: '89bccb307120ed774b93349f6647336a') in 0.010690 seconds
Number of updated asset objects reloaded before import = 0
Number of asset objects unloaded after import = 1
========================================================================
Received Import Request.
  Time since last request: 0.000022 seconds.
  path: Assets/Normal/Examples/Blank Scene Template/Cubes/Red.mat
  artifactKey: Guid(f41a1510c3551894f9e24c9887baa057) Importer(2089858483,0ecaa5967403d082aa24f35e1b516d23)
Start importing Assets/Normal/Examples/Blank Scene Template/Cubes/Red.mat using Guid(f41a1510c3551894f9e24c9887baa057) Importer(2089858483,0ecaa5967403d082aa24f35e1b516d23) [PhysX] Initialized MultithreadedTaskDispatcher with 12 workers.
 -> (artifact id: 'dce0800b2832d6404063ab1f9b2c2ae9') in 0.013638 seconds
Number of updated asset objects reloaded before import = 0
Number of asset objects unloaded after import = 1
========================================================================
Received Import Request.
  Time since last request: 0.000019 seconds.
  path: Assets/Normal/Examples/Blank Scene Template/Scripts/OculusSetFloorTrackingOriginWithoutPlugin.cs
  artifactKey: Guid(700c6bbe644319b4aaa44642fe5fd9ae) Importer(2089858483,0ecaa5967403d082aa24f35e1b516d23)
Start importing Assets/Normal/Examples/Blank Scene Template/Scripts/OculusSetFloorTrackingOriginWithoutPlugin.cs using Guid(700c6bbe644319b4aaa44642fe5fd9ae) Importer(2089858483,0ecaa5967403d082aa24f35e1b516d23) [PhysX] Initialized MultithreadedTaskDispatcher with 12 workers.
 -> (artifact id: '925289fb24d206e27aa62cce8560402f') in 0.014716 seconds
Number of updated asset objects reloaded before import = 0
Number of asset objects unloaded after import = 1
========================================================================
Received Import Request.
  Time since last request: 0.000037 seconds.
  path: Assets/Normal/Examples/Hoverbird Player/Scripts/HoverbirdPlayer.cs
  artifactKey: Guid(0e904cddab6f443d3b53014348d6beba) Importer(2089858483,0ecaa5967403d082aa24f35e1b516d23)
Start importing Assets/Normal/Examples/Hoverbird Player/Scripts/HoverbirdPlayer.cs using Guid(0e904cddab6f443d3b53014348d6beba) Importer(2089858483,0ecaa5967403d082aa24f35e1b516d23) [PhysX] Initialized MultithreadedTaskDispatcher with 12 workers.
 -> (artifact id: 'b0723b0c5a63129309ffd7a4a63604da') in 0.016442 seconds
Number of updated asset objects reloaded before import = 0
Number of asset objects unloaded after import = 1
========================================================================
Received Import Request.
  Time since last request: 0.000029 seconds.
  path: Assets/Normal/Examples/Hoverbird Player/Hoverbird Character/Animations/Board Hover.anim
  artifactKey: Guid(18b8276cdc57848c194bc37d072aca09) Importer(2089858483,0ecaa5967403d082aa24f35e1b516d23)
Start importing Assets/Normal/Examples/Hoverbird Player/Hoverbird Character/Animations/Board Hover.anim using Guid(18b8276cdc57848c194bc37d072aca09) Importer(2089858483,0ecaa5967403d082aa24f35e1b516d23) [PhysX] Initialized MultithreadedTaskDispatcher with 12 workers.
 -> (artifact id: '869142672b18e9ba1a3d73de37ca7d7a') in 0.018692 seconds
Number of updated asset objects reloaded before import = 0
Number of asset objects unloaded after import = 1
========================================================================
Received Import Request.
  Time since last request: 0.000031 seconds.
  path: Assets/Normal/Examples/VR Player/Scripts/VoiceMouthMove.cs
  artifactKey: Guid(68898f56901f9144c9ffb1f08e8e870c) Importer(2089858483,0ecaa5967403d082aa24f35e1b516d23)
Start importing Assets/Normal/Examples/VR Player/Scripts/VoiceMouthMove.cs using Guid(68898f56901f9144c9ffb1f08e8e870c) Importer(2089858483,0ecaa5967403d082aa24f35e1b516d23) [PhysX] Initialized MultithreadedTaskDispatcher with 12 workers.
 -> (artifact id: 'f46fa717d917197297d53f3dc30902db') in 0.015631 seconds
Number of updated asset objects reloaded before import = 0
Number of asset objects unloaded after import = 1
========================================================================
Received Import Request.
  Time since last request: 0.000036 seconds.
  path: Assets/Normal/Internal/Editor/PackageManager.cs
  artifactKey: Guid(da51cf8c2795e431297ad1a1ece46c8d) Importer(2089858483,0ecaa5967403d082aa24f35e1b516d23)
Start importing Assets/Normal/Internal/Editor/PackageManager.cs using Guid(da51cf8c2795e431297ad1a1ece46c8d) Importer(2089858483,0ecaa5967403d082aa24f35e1b516d23) [PhysX] Initialized MultithreadedTaskDispatcher with 12 workers.
 -> (artifact id: 'a4d1e6de7f45ae334af8d86ad110bdc6') in 0.017869 seconds
Number of updated asset objects reloaded before import = 0
Number of asset objects unloaded after import = 1
========================================================================
Received Import Request.
  Time since last request: 0.000087 seconds.
  path: Assets/Normal/Examples/Cube Player/Realtime + Cube Player.unity
  artifactKey: Guid(5b016352eb5f97a48b7f489f049b0930) Importer(2089858483,0ecaa5967403d082aa24f35e1b516d23)
Start importing Assets/Normal/Examples/Cube Player/Realtime + Cube Player.unity using Guid(5b016352eb5f97a48b7f489f049b0930) Importer(2089858483,0ecaa5967403d082aa24f35e1b516d23) [PhysX] Initialized MultithreadedTaskDispatcher with 12 workers.
 -> (artifact id: 'b4124b73acc8eb1dbae22c1b14b9d50b') in 0.013813 seconds
Number of updated asset objects reloaded before import = 0
Number of asset objects unloaded after import = 1
========================================================================
Received Import Request.
  Time since last request: 0.000032 seconds.
  path: Assets/Normal/Examples/Blank Scene Template/Skybox/GradientSkybox.cginc
  artifactKey: Guid(32dae49293cfccd41ad2e2703057bb59) Importer(2089858483,0ecaa5967403d082aa24f35e1b516d23)
Start importing Assets/Normal/Examples/Blank Scene Template/Skybox/GradientSkybox.cginc using Guid(32dae49293cfccd41ad2e2703057bb59) Importer(2089858483,0ecaa5967403d082aa24f35e1b516d23) [PhysX] Initialized MultithreadedTaskDispatcher with 12 workers.
 -> (artifact id: '70a2d264ae005217ee2c7fd3eeda9f87') in 0.016204 seconds
Number of updated asset objects reloaded before import = 0
Number of asset objects unloaded after import = 1
========================================================================
Received Import Request.
  Time since last request: 0.000033 seconds.
  path: Assets/Normal/Examples/Hoverbird Player/Hoverbird Character/Models/Hoverboard Model.fbx
  artifactKey: Guid(cdbe92495d72849f0ab4ce107bfad6f6) Importer(2089858483,0ecaa5967403d082aa24f35e1b516d23)
Start importing Assets/Normal/Examples/Hoverbird Player/Hoverbird Character/Models/Hoverboard Model.fbx using Guid(cdbe92495d72849f0ab4ce107bfad6f6) Importer(2089858483,0ecaa5967403d082aa24f35e1b516d23) [PhysX] Initialized MultithreadedTaskDispatcher with 12 workers.
 -> (artifact id: '641eb71eea86806680ef57a236d97e3e') in 0.063772 seconds
Number of updated asset objects reloaded before import = 0
Number of asset objects unloaded after import = 10
========================================================================
Received Prepare
Caller must complete domain reload
Begin MonoManager ReloadAssembly
- Loaded All Assemblies, in  0.724 seconds
Native extension for WindowsStandalone target not found
Native extension for Android target not found
[Package Manager] Server::EnsureServerProcessIsRunning -- launch failed, reason: Unity was launched with the -noUpm command-line argument
[Package Manager] UpmClient::Send -- Unable to send message (not connected to UPM process).
[Package Manager] Cannot connect to Unity Package Manager local server
Normcore - Seamless multiplayer for Unity   [ <a href="https://normcore.io/discord"><b>normcore.io/discord</b></a> ]   [ <a href="https://normcore.io/documentation"><b>normcore.io/documentation</b></a> ]
UnityEngine.StackTraceUtility:ExtractStackTrace ()
UnityEngine.DebugLogHandler:LogFormat (UnityEngine.LogType,UnityEngine.Object,string,object[])
UnityEngine.Logger:Log (UnityEngine.LogType,object)
UnityEngine.Debug:Log (object)
Normal.Realtime.Welcome:.cctor ()
System.Runtime.CompilerServices.RuntimeHelpers:RunClassConstructor (System.RuntimeTypeHandle)
UnityEditor.EditorAssemblies:ProcessInitializeOnLoadAttributes (System.Type[])

Mono: successfully reloaded assembly
- Finished resetting the current domain, in  1.180 seconds
Domain Reload Profiling: 1897ms
	BeginReloadAssembly (203ms)
		ExecutionOrderSort (0ms)
		DisableScriptedObjects (5ms)
		BackupInstance (0ms)
		ReleaseScriptingObjects (0ms)
		CreateAndSetChildDomain (43ms)
	RebuildCommonClasses (42ms)
	RebuildNativeTypeToScriptingClass (13ms)
	initialDomainReloadingComplete (67ms)
	LoadAllAssembliesAndSetupDomain (393ms)
		LoadAssemblies (432ms)
		RebuildTransferFunctionScriptingTraits (0ms)
		AnalyzeDomain (81ms)
			TypeCache.Refresh (64ms)
				TypeCache.ScanAssembly (54ms)
			ScanForSourceGeneratedMonoScriptInfo (9ms)
			ResolveRequiredComponents (5ms)
	FinalizeReload (1181ms)
		ReleaseScriptCaches (0ms)
		RebuildScriptCaches (0ms)
		SetupLoadedEditorAssemblies (535ms)
			LogAssemblyErrors (0ms)
			InitializePlatformSupportModulesInManaged (23ms)
			SetLoadedEditorAssemblies (4ms)
			RefreshPlugins (0ms)
			BeforeProcessingInitializeOnLoad (74ms)
			ProcessInitializeOnLoadAttributes (386ms)
			ProcessInitializeOnLoadMethodAttributes (28ms)
			AfterProcessingInitializeOnLoad (20ms)
			EditorAssembliesLoaded (0ms)
		ExecutionOrderSort2 (0ms)
		AwakeInstancesAfterBackupRestoration (7ms)
Refreshing native plugins compatible for Editor in 8.57 ms, found 4 plugins.
Preloading 0 native plugins for Editor in 0.00 ms.
Unloading 3127 Unused Serialized files (Serialized files now loaded: 0)
Unloading 16 unused Assets / (28.5 KB). Loaded Objects now: 3668.
Memory consumption went from 119.5 MB to 119.5 MB.
Total: 3.314000 ms (FindLiveObjects: 0.384600 ms CreateObjectMapping: 0.089700 ms MarkObjects: 2.779900 ms  DeleteObjects: 0.058100 ms)

Prepare: number of updated asset objects reloaded= 0
AssetImportParameters requested are different than current active one (requested -> active):
  custom:scripting/monoscript/fileName/RealtimeAvatarEditor.cs: 64645670616f9bf51963162aa61e5bb4 -> 
  custom:container-demuxer-ogg: 62fdf1f143b41e24485cea50d1cbac27 -> 
  custom:scripting/monoscript/fileName/RealtimeAvatarVoiceModel.cs: 284d73009a49d24641421a0c1ea30df6 -> 
  custom:video-decoder-ogg-theora: a1e56fd34408186e4bbccfd4996cb3dc -> 
  custom:scripting/monoscript/fileName/RealtimeAvatarModel.cs: 93239fd98119635346dada6e3b7df318 -> 
  custom:framework-win-MediaFoundation: 216162199b28c13a410421893ffa2e32 -> 
  custom:scripting/monoscript/fileName/AudioDeviceDataReader.cs: 770d1245681c0dd20f7b1571832a00dd -> 
  custom:scripting/monoscript/fileName/MicrophoneDevice.cs: 888b4cd38eb9db924b959fc86e59f9a7 -> 
  custom:scripting/monoscript/fileName/AudioOutput.cs: 2e3cb1539c6a8eeb591be22a12e72634 -> 
  custom:CustomObjectIndexerAttribute: 9a22284fe3817be447336de3de66b15e -> 
  custom:container-demuxer-webm: 4f35f7cbe854078d1ac9338744f61a02 -> 
  custom:scripting/monoscript/fileName/OculusMicrophoneDevice.cs: ecc4d600c3f4bb0b2224ceacecc7443c -> 
  custom:scripting/precompiled-assembly-types:Normal.Realtime.Shared.Editor: 59d454c45a288e1bf74c59808f7a529f -> 
  custom:container-muxer-webm: aa71ff27fc2769a1b78a27578f13a17b -> 
  custom:video-decoder-webm-vp8: 9c59270c3fd7afecdb556c50c9e8de78 -> 
  custom:scripting/monoscript/fileName/AudioPreprocessorPlaybackListener.cs: bb5ab68af1ec289960705f6b4deefd3c -> 
  custom:SearchIndexIgnoredProperties: e643bd26f0fe6173181afceb89e7c659 -> 
  custom:AudioImporter_EditorPlatform: d09bf68614088b80899f8185d706f6e7 -> 
  custom:scripting/precompiled-assembly-types:Normal.Realtime: 8ebc5d1eac51213d1f50ddcd0bf56189 -> 
  custom:scripting/precompiled-assembly-types:Normal.Realtime.Editor: ebf1f3efb603b72226956c1fb48f18c2 -> 
  custom:video-encoder-webm-vp8: eb34c28f22e8b96e1ab97ce403110664 -> 
  custom:audio-decoder-ogg-vorbis: bf7c407c2cedff20999df2af8eb42d56 -> 
  custom:scripting/monoscript/fileName/RealtimeAvatarVoice.cs: 743928287f5b35f85ae3192b913400b6 -> 
  custom:scripting/monoscript/fileName/RealtimeAvatarManager.cs: 6efb924bae56563eb6c19d927fb967bc -> 
  custom:scripting/monoscript/fileName/RealtimeAvatarVoiceScale.cs: f541f437d56c36918553f0ce65c64ec0 -> 
  custom:audio-encoder-webm-vorbis: bf7c407c2cedff20999df2af8eb42d56 -> 
  custom:scripting/monoscript/fileName/RealtimeAvatar.cs: 61c9c35192e71085ef1d424d8498a667 -> 
  custom:scripting/precompiled-assembly-types:Normal.Realtime.Shared: e3f4dcf4fea61c19d47181fff24067d7 -> 
  custom:scripting/monoscript/fileName/RealtimeAvatarManagerEditor.cs: 1627326e84c22f678bad081bb6228345 -> 
========================================================================
Received Prepare
Caller must complete domain reload
Begin MonoManager ReloadAssembly
- Loaded All Assemblies, in  0.674 seconds
Native extension for WindowsStandalone target not found
Native extension for Android target not found
[Package Manager] Server::EnsureServerProcessIsRunning -- launch failed, reason: Unity was launched with the -noUpm command-line argument
[Package Manager] UpmClient::Send -- Unable to send message (not connected to UPM process).
[Package Manager] Cannot connect to Unity Package Manager local server
Mono: successfully reloaded assembly
- Finished resetting the current domain, in  1.082 seconds
Domain Reload Profiling: 1750ms
	BeginReloadAssembly (174ms)
		ExecutionOrderSort (0ms)
		DisableScriptedObjects (4ms)
		BackupInstance (0ms)
		ReleaseScriptingObjects (0ms)
		CreateAndSetChildDomain (38ms)
	RebuildCommonClasses (39ms)
	RebuildNativeTypeToScriptingClass (11ms)
	initialDomainReloadingComplete (58ms)
	LoadAllAssembliesAndSetupDomain (385ms)
		LoadAssemblies (389ms)
		RebuildTransferFunctionScriptingTraits (0ms)
		AnalyzeDomain (97ms)
			TypeCache.Refresh (76ms)
				TypeCache.ScanAssembly (64ms)
			ScanForSourceGeneratedMonoScriptInfo (14ms)
			ResolveRequiredComponents (5ms)
	FinalizeReload (1082ms)
		ReleaseScriptCaches (0ms)
		RebuildScriptCaches (0ms)
		SetupLoadedEditorAssemblies (417ms)
			LogAssemblyErrors (0ms)
			InitializePlatformSupportModulesInManaged (20ms)
			SetLoadedEditorAssemblies (4ms)
			RefreshPlugins (0ms)
			BeforeProcessingInitializeOnLoad (70ms)
			ProcessInitializeOnLoadAttributes (294ms)
			ProcessInitializeOnLoadMethodAttributes (19ms)
			AfterProcessingInitializeOnLoad (11ms)
			EditorAssembliesLoaded (0ms)
		ExecutionOrderSort2 (0ms)
		AwakeInstancesAfterBackupRestoration (5ms)
Refreshing native plugins compatible for Editor in 6.84 ms, found 4 plugins.
Preloading 0 native plugins for Editor in 0.00 ms.
Unloading 3136 Unused Serialized files (Serialized files now loaded: 0)
Unloading 16 unused Assets / (28.6 KB). Loaded Objects now: 3680.
Memory consumption went from 120.0 MB to 120.0 MB.
Total: 3.008300 ms (FindLiveObjects: 0.320200 ms CreateObjectMapping: 0.085000 ms MarkObjects: 2.551800 ms  DeleteObjects: 0.049600 ms)

Prepare: number of updated asset objects reloaded= 0
AssetImportParameters requested are different than current active one (requested -> active):
  custom:scripting/monoscript/fileName/RealtimeAvatarEditor.cs: 64645670616f9bf51963162aa61e5bb4 -> 
  custom:container-demuxer-ogg: 62fdf1f143b41e24485cea50d1cbac27 -> 
  custom:scripting/monoscript/fileName/RealtimeAvatarVoiceModel.cs: 284d73009a49d24641421a0c1ea30df6 -> 
  custom:scripting/monoscript/fileName/RealtimeProfilerBuffer.cs: 90647cc400823b41df847a6cbfc29026 -> 
  custom:scripting/precompiled-assembly-types:Unity.Profiling.Core: a336ccbc8b8eedc26954b35fd863eaec -> 
  custom:scripting/monoscript/fileName/RealtimeProfiler.cs: 1b336c09742173b1a8dee6ecbcdef984 -> 
  custom:video-decoder-ogg-theora: a1e56fd34408186e4bbccfd4996cb3dc -> 
  custom:scripting/monoscript/fileName/ProfilerUtility.cs: 8fd6baaa4a8812aeb14b0e3a857e7749 -> 
  custom:scripting/monoscript/fileName/RealtimeAvatarModel.cs: 93239fd98119635346dada6e3b7df318 -> 
  custom:framework-win-MediaFoundation: 216162199b28c13a410421893ffa2e32 -> 
  custom:scripting/monoscript/fileName/CubePlayerManager.cs: d76f52842a066f4732dc9f7746f5a56a -> 
  custom:scripting/monoscript/fileName/HoverbirdPlayerManager.cs: 48f6953a816d2074f9345d8094e84999 -> 
  custom:scripting/monoscript/fileName/RealtimeProfilerSession.cs: 6be849aa30d044d13f40afdc1f50aacf -> 
  custom:scripting/monoscript/fileName/VoiceMouthMove.cs: a07a9e9b09c0594f93ccc77ec63d29c6 -> 
  custom:scripting/monoscript/fileName/AudioDeviceDataReader.cs: 770d1245681c0dd20f7b1571832a00dd -> 
  custom:scripting/monoscript/fileName/MicrophoneDevice.cs: 888b4cd38eb9db924b959fc86e59f9a7 -> 
  custom:scripting/monoscript/fileName/AudioOutput.cs: 2e3cb1539c6a8eeb591be22a12e72634 -> 
  custom:CustomObjectIndexerAttribute: 9a22284fe3817be447336de3de66b15e -> 
  custom:container-demuxer-webm: 4f35f7cbe854078d1ac9338744f61a02 -> 
  custom:scripting/monoscript/fileName/OculusMicrophoneDevice.cs: ecc4d600c3f4bb0b2224ceacecc7443c -> 
  custom:scripting/precompiled-assembly-types:Normal.Realtime.Shared.Editor: 59d454c45a288e1bf74c59808f7a529f -> 
  custom:scripting/monoscript/fileName/HoverbirdPlayer.cs: f70406015fb116e48b26a87855a8e143 -> 
  custom:container-muxer-webm: aa71ff27fc2769a1b78a27578f13a17b -> 
  custom:video-decoder-webm-vp8: 9c59270c3fd7afecdb556c50c9e8de78 -> 
  custom:scripting/monoscript/fileName/ProfilerMarker3Params.cs: 0cdf409b5aa8d4c25876d72b5c6a3b60 -> 
  custom:scripting/monoscript/fileName/ProfilerCounterValue.cs: 90647cc400823b41df847a6cbfc29026 -> 
  custom:scripting/monoscript/fileName/AudioPreprocessorPlaybackListener.cs: bb5ab68af1ec289960705f6b4deefd3c -> 
  custom:SearchIndexIgnoredProperties: e643bd26f0fe6173181afceb89e7c659 -> 
  custom:scripting/monoscript/fileName/ProfilerCounter.cs: 90647cc400823b41df847a6cbfc29026 -> 
  custom:AudioImporter_EditorPlatform: d09bf68614088b80899f8185d706f6e7 -> 
  custom:scripting/monoscript/fileName/ProfilerMarkerExtensions.cs: e9eec9a5472d64e0b6699387d0bf6ebd -> 
  custom:scripting/precompiled-assembly-types:Normal.Realtime: 8ebc5d1eac51213d1f50ddcd0bf56189 -> 
  custom:scripting/monoscript/fileName/ProfilerMarker2Params.cs: 0cdf409b5aa8d4c25876d72b5c6a3b60 -> 
  custom:scripting/precompiled-assembly-types:Normal.Realtime.Editor: ebf1f3efb603b72226956c1fb48f18c2 -> 
  custom:scripting/monoscript/fileName/CubePlayer.cs: fc133ee3053390096d665714586e8d2d -> 
  custom:video-encoder-webm-vp8: eb34c28f22e8b96e1ab97ce403110664 -> 
  custom:audio-decoder-ogg-vorbis: bf7c407c2cedff20999df2af8eb42d56 -> 
  custom:scripting/monoscript/fileName/RealtimeAvatarVoice.cs: 743928287f5b35f85ae3192b913400b6 -> 
  custom:scripting/monoscript/fileName/ProfilerMarker1Param.cs: 0cdf409b5aa8d4c25876d72b5c6a3b60 -> 
  custom:scripting/monoscript/fileName/RealtimeAvatarManager.cs: 6efb924bae56563eb6c19d927fb967bc -> 
  custom:scripting/monoscript/fileName/RealtimeProfilerCounters.cs: cf494fd90eb399263324a4e784b33283 -> 
  custom:scripting/monoscript/fileName/RealtimeAvatarVoiceScale.cs: f541f437d56c36918553f0ce65c64ec0 -> 
  custom:audio-encoder-webm-vorbis: bf7c407c2cedff20999df2af8eb42d56 -> 
  custom:scripting/monoscript/fileName/RealtimeAvatar.cs: 61c9c35192e71085ef1d424d8498a667 -> 
  custom:scripting/monoscript/fileName/RealtimeProfilerModule.cs: 76367a21bf91fbae33105e2f7b76241e -> 
  custom:scripting/precompiled-assembly-types:Assembly-CSharp: 4f742dee8894d5b47c84f32352d3823f -> 7d0d7862d6010067bc07a6c6f8d2d18e
  custom:scripting/precompiled-assembly-types:Normal.Realtime.Shared: e3f4dcf4fea61c19d47181fff24067d7 -> 
  custom:scripting/monoscript/fileName/RealtimeAvatarManagerEditor.cs: 1627326e84c22f678bad081bb6228345 -> 
  custom:scripting/precompiled-assembly-types:Normal.Realtime.Profiler: f2aad82247d901b13b90733f68711847 -> 
Editor requested this worker to shutdown with reason: Scaling down because of idle timeout
TcpMessagingSession - receive error: operation aborted. errorcode: 995, details: The I/O operation has been aborted because of either a thread exit or an application request.
AssetImportWorker is now disconnected from the server
Process exiting
Exiting without the bug reporter. Application will terminate with return code 0